Determining if the pthread_create exist failed with the following output:
Change Dir: /home/zhenyu/translab/w4/image_depth/build/CMakeFiles/CMakeTmp

Run Build Command:"/usr/bin/make" "cmTC_6327d/fast"
/usr/bin/make -f CMakeFiles/cmTC_6327d.dir/build.make CMakeFiles/cmTC_6327d.dir/build
make[1]: Entering directory '/home/zhenyu/translab/w4/image_depth/build/CMakeFiles/CMakeTmp'
Building C object CMakeFiles/cmTC_6327d.dir/CheckSymbolExists.c.o
/usr/bin/cc     -o CMakeFiles/cmTC_6327d.dir/CheckSymbolExists.c.o   -c /home/zhenyu/translab/w4/image_depth/build/CMakeFiles/CMakeTmp/CheckSymbolExists.c
Linking C executable cmTC_6327d
/usr/bin/cmake -E cmake_link_script CMakeFiles/cmTC_6327d.dir/link.txt --verbose=1
/usr/bin/cc       CMakeFiles/cmTC_6327d.dir/CheckSymbolExists.c.o  -o cmTC_6327d -rdynamic 
CMakeFiles/cmTC_6327d.dir/CheckSymbolExists.c.o: In function `main':
CheckSymbolExists.c:(.text+0x16): undefined reference to `pthread_create'
collect2: error: ld returned 1 exit status
CMakeFiles/cmTC_6327d.dir/build.make:97: recipe for target 'cmTC_6327d' failed
make[1]: *** [cmTC_6327d] Error 1
make[1]: Leaving directory '/home/zhenyu/translab/w4/image_depth/build/CMakeFiles/CMakeTmp'
Makefile:126: recipe for target 'cmTC_6327d/fast' failed
make: *** [cmTC_6327d/fast] Error 2

File /home/zhenyu/translab/w4/image_depth/build/CMakeFiles/CMakeTmp/CheckSymbolExists.c:
/* */
#include <pthread.h>

int main(int argc, char** argv)
{
  (void)argv;
#ifndef pthread_create
  return ((int*)(&pthread_create))[argc];
#else
  (void)argc;
  return 0;
#endif
}

Determining if the function pthread_create exists in the pthreads failed with the following output:
Change Dir: /home/zhenyu/translab/w4/image_depth/build/CMakeFiles/CMakeTmp

Run Build Command:"/usr/bin/make" "cmTC_751fe/fast"
/usr/bin/make -f CMakeFiles/cmTC_751fe.dir/build.make CMakeFiles/cmTC_751fe.dir/build
make[1]: Entering directory '/home/zhenyu/translab/w4/image_depth/build/CMakeFiles/CMakeTmp'
Building C object CMakeFiles/cmTC_751fe.dir/CheckFunctionExists.c.o
/usr/bin/cc    -DCHECK_FUNCTION_EXISTS=pthread_create   -o CMakeFiles/cmTC_751fe.dir/CheckFunctionExists.c.o   -c /usr/share/cmake-3.5/Modules/CheckFunctionExists.c
Linking C executable cmTC_751fe
/usr/bin/cmake -E cmake_link_script CMakeFiles/cmTC_751fe.dir/link.txt --verbose=1
/usr/bin/cc   -DCHECK_FUNCTION_EXISTS=pthread_create    CMakeFiles/cmTC_751fe.dir/CheckFunctionExists.c.o  -o cmTC_751fe -rdynamic -lpthreads 
/usr/bin/ld: cannot find -lpthreads
collect2: error: ld returned 1 exit status
CMakeFiles/cmTC_751fe.dir/build.make:97: recipe for target 'cmTC_751fe' failed
make[1]: *** [cmTC_751fe] Error 1
make[1]: Leaving directory '/home/zhenyu/translab/w4/image_depth/build/CMakeFiles/CMakeTmp'
Makefile:126: recipe for target 'cmTC_751fe/fast' failed
make: *** [cmTC_751fe/fast] Error 2


